<?xml version="1.0" encoding="UTF-8"?>
<!-- Generated by org.testng.reporters.JUnitXMLReporter -->
<testsuite hostname="DFWVDIPW72004" name="Default test" tests="7" failures="0" timestamp="20 Sep 2017 12:36:35 GMT" time="86.541" errors="0">
  <testcase name="i_am_on_the_Levis_login_page" time="18.305" classname="poc.test.stepDefinitions.Login"/>
  <testcase name="i_click_on_button" time="0.001" classname="poc.test.stepDefinitions.Login">
    <skipped/>
  </testcase> <!-- i_click_on_button -->
  <testcase name="i_enter_a_valid" time="0.387" classname="poc.test.stepDefinitions.Login"/>
  <testcase name="feature" time="23.691" classname="poc.test.CucumberRunner"/>
  <testcase name="feature" time="11.191" classname="poc.test.CucumberRunner"/>
  <testcase name="feature" time="26.79" classname="poc.test.CucumberRunner"/>
  <testcase name="feature" time="5.208" classname="poc.test.CucumberRunner"/>
</testsuite> <!-- Default test -->
