<?xml version="1.0" encoding="UTF-8"?>
<!-- Generated by org.testng.reporters.JUnitXMLReporter -->
<testsuite hostname="DFWVDIPW72004" name="Test" tests="4" failures="0" timestamp="25 Oct 2017 15:21:12 GMT" time="84.702" errors="0">
  <testcase name="feature" time="11.996" classname="poc.test.CucumberRunner"/>
  <testcase name="feature" time="46.97" classname="poc.test.CucumberRunner"/>
  <testcase name="feature" time="14.776" classname="poc.test.CucumberRunner"/>
  <testcase name="feature" time="10.16" classname="poc.test.CucumberRunner"/>
</testsuite> <!-- Test -->
