<?xml version="1.0" encoding="UTF-8"?>
<testng-results skipped="0" failed="0" total="4" passed="4">
  <reporter-output>
  </reporter-output>
  <suite name="Suite" duration-ms="84702" started-at="2017-10-25T15:19:47Z" finished-at="2017-10-25T15:21:12Z">
    <groups>
      <group name="cucumber">
        <method signature="AbstractTestNGCucumberTests.feature(cucumber.api.testng.CucumberFeatureWrapper)[pri:0, instance:poc.test.CucumberRunner@2d928643]" name="feature" class="cucumber.api.testng.AbstractTestNGCucumberTests"/>
      </group> <!-- cucumber -->
    </groups>
    <test name="Test" duration-ms="84702" started-at="2017-10-25T15:19:47Z" finished-at="2017-10-25T15:21:12Z">
      <class name="poc.test.CucumberRunner">
        <test-method status="PASS" signature="setUpClass()[pri:0, instance:poc.test.CucumberRunner@2d928643]" name="setUpClass" is-config="true" duration-ms="590" started-at="2017-10-25T20:49:47Z" finished-at="2017-10-25T20:49:47Z">
          <reporter-output>
          </reporter-output>
        </test-method> <!-- setUpClass -->
        <test-method status="PASS" signature="feature(cucumber.api.testng.CucumberFeatureWrapper)[pri:0, instance:poc.test.CucumberRunner@2d928643]" name="feature" duration-ms="11996" started-at="2017-10-25T20:49:48Z" description="Runs Cucumber Feature" data-provider="features" finished-at="2017-10-25T20:50:00Z">
          <params>
            <param index="0">
              <value>
                <![CDATA[LoginTest (Valid and Invalid user login)]]>
              </value>
            </param>
          </params>
          <reporter-output>
          </reporter-output>
        </test-method> <!-- feature -->
        <test-method status="PASS" signature="feature(cucumber.api.testng.CucumberFeatureWrapper)[pri:0, instance:poc.test.CucumberRunner@2d928643]" name="feature" duration-ms="46970" started-at="2017-10-25T20:50:00Z" description="Runs Cucumber Feature" data-provider="features" finished-at="2017-10-25T20:50:47Z">
          <params>
            <param index="0">
              <value>
                <![CDATA[CartPageTest (Add a product to the Cart)]]>
              </value>
            </param>
          </params>
          <reporter-output>
          </reporter-output>
        </test-method> <!-- feature -->
        <test-method status="PASS" signature="feature(cucumber.api.testng.CucumberFeatureWrapper)[pri:0, instance:poc.test.CucumberRunner@2d928643]" name="feature" duration-ms="14776" started-at="2017-10-25T20:50:47Z" description="Runs Cucumber Feature" data-provider="features" finished-at="2017-10-25T20:51:01Z">
          <params>
            <param index="0">
              <value>
                <![CDATA[CheckOutPageTest (Place Order)]]>
              </value>
            </param>
          </params>
          <reporter-output>
          </reporter-output>
        </test-method> <!-- feature -->
        <test-method status="PASS" signature="feature(cucumber.api.testng.CucumberFeatureWrapper)[pri:0, instance:poc.test.CucumberRunner@2d928643]" name="feature" duration-ms="10160" started-at="2017-10-25T20:51:01Z" description="Runs Cucumber Feature" data-provider="features" finished-at="2017-10-25T20:51:12Z">
          <params>
            <param index="0">
              <value>
                <![CDATA[Verify whether the order placed is present in the Order History section]]>
              </value>
            </param>
          </params>
          <reporter-output>
          </reporter-output>
        </test-method> <!-- feature -->
        <test-method status="PASS" signature="tearDownClass()[pri:0, instance:poc.test.CucumberRunner@2d928643]" name="tearDownClass" is-config="true" duration-ms="3" started-at="2017-10-25T20:51:12Z" finished-at="2017-10-25T20:51:12Z">
          <reporter-output>
          </reporter-output>
        </test-method> <!-- tearDownClass -->
      </class> <!-- poc.test.CucumberRunner -->
    </test> <!-- Test -->
  </suite> <!-- Suite -->
</testng-results>
